Microsoft HTML Help Compiler 4.74.8702

Compiling e:\PROGRAMMESPAIE\SYSINFOPAIETRANSCO\SYSINFOPAIE.aid\Aide_SYSINFOPAIE005.chm

Nouveaute.htm
PageNouveaute1.htm
PageNouveaute2.htm
PageNouveaute3.htm
PageNouveaute4.htm
PageNouveaute5.htm
PageNouveaute6.htm
PageNouveaute7.htm
PageNouveaute8.htm
PageNouveaute9.htm
PageNouveaute10.htm
PageNouveaute11.htm
PageNouveaute12.htm
PageNouveaute13.htm
PageNouveaute14.htm
PageNouveaute15.htm
PageNouveaute16.htm
PageNouveaute17.htm
PageNouveaute18.htm
PageNouveaute19.htm
PageNouveaute20.htm
PageNouveaute21.htm
PageNouveaute22.htm
PageNouveaute23.htm
PageNouveaute24.htm
PageNouveaute25.htm
PageNouveaute26.htm
PageNouveaute27.htm
PageNouveaute28.htm
PageNouveaute29.htm
PageNouveaute30.htm
PageNouveaute31.htm
PageNouveaute32.htm
PageNouveaute33.htm
PageNouveaute34.htm
PageNouveaute35.htm
PageNouveaute36.htm
PageNouveaute37.htm
PageNouveaute38.htm
PageNouveaute39.htm
PageNouveaute40.htm
PageNouveaute41.htm
PageNouveaute42.htm
PageNouveaute43.htm
PageNouveaute44.htm
PageNouveaute45.htm
PageNouveaute46.htm
PageNouveaute47.htm
PageNouveaute48.htm
PageNouveaute49.htm
PageNouveaute50.htm
PageNouveaute51.htm
PageNouveaute52.htm
PageNouveaute53.htm
PageNouveaute54.htm
PageNouveaute55.htm
PageNouveaute56.htm
PageNouveaute57.htm
PageNouveaute58.htm
PageNouveaute59.htm
PageNouveaute60.htm
PageNouveaute61.htm
PageNouveaute62.htm
PageNouveaute63.htm
PageNouveaute64.htm
PageNouveaute65.htm
PageNouveaute66.htm
PageNouveaute67.htm
PageNouveaute68.htm
PageNouveaute69.htm
PageNouveaute70.htm
PageNouveaute71.htm
PageNouveaute72.htm
PageNouveaute73.htm
PageNouveaute74.htm
PageNouveaute75.htm
PageNouveaute76.htm
PageNouveaute77.htm
PageNouveaute78.htm
PageNouveaute79.htm
PageNouveaute80.htm
PageNouveaute81.htm
PageNouveaute82.htm
PageNouveaute83.htm
Aide_SYSINFOPAIE.hhc
Aide_SYSINFOPAIE.hhk
DynPopup.js


The following files were not compiled:
